TN:
SF:src\router.ts
FN:22,(anonymous_0)
FN:30,(anonymous_1)
FNF:2
FNH:2
FNDA:4,(anonymous_0)
FNDA:5,(anonymous_1)
DA:1,2
DA:2,2
DA:3,2
DA:4,2
DA:5,2
DA:6,2
DA:9,2
DA:10,2
DA:14,2
DA:22,4
DA:26,2
DA:30,5
DA:34,2
DA:38,2
DA:44,2
LF:15
LH:15
BRF:0
BRH:0
end_of_record
TN:
SF:src\server.ts
FN:10,connectdb
FN:22,(anonymous_2)
FNF:2
FNH:2
FNDA:3,connectdb
FNDA:1,(anonymous_2)
DA:1,2
DA:2,2
DA:3,2
DA:4,2
DA:6,2
DA:8,2
DA:10,2
DA:11,3
DA:12,3
DA:13,2
DA:16,1
DA:19,2
DA:21,2
DA:22,2
DA:23,1
DA:25,2
LF:16
LH:16
BRF:0
BRH:0
end_of_record
TN:
SF:src\config\db.ts
FNF:0
FNH:0
DA:1,2
DA:2,2
DA:4,2
DA:5,2
DA:10,2
LF:5
LH:5
BRF:0
BRH:0
end_of_record
TN:
SF:src\handlers\products.ts
FN:5,(anonymous_1)
FN:14,(anonymous_2)
FN:22,(anonymous_3)
FN:46,(anonymous_4)
FN:65,(anonymous_5)
FN:76,(anonymous_6)
FNF:6
FNH:6
FNDA:2,(anonymous_1)
FNDA:2,(anonymous_2)
FNDA:1,(anonymous_3)
FNDA:2,(anonymous_4)
FNDA:2,(anonymous_5)
FNDA:2,(anonymous_6)
DA:2,2
DA:5,2
DA:6,2
DA:7,2
DA:8,2
DA:9,1
DA:11,1
DA:14,2
DA:15,2
DA:19,2
DA:22,2
DA:42,1
DA:43,1
DA:46,2
DA:47,2
DA:48,2
DA:49,2
DA:50,1
DA:55,1
DA:61,1
DA:62,1
DA:65,2
DA:66,2
DA:67,2
DA:68,2
DA:69,1
DA:71,1
DA:72,1
DA:73,1
DA:76,2
DA:77,2
DA:78,2
DA:79,2
DA:80,1
DA:82,1
DA:83,1
LF:36
LH:36
BRDA:8,0,0,1
BRDA:8,0,1,1
BRDA:49,1,0,1
BRDA:49,1,1,1
BRDA:68,2,0,1
BRDA:68,2,1,1
BRDA:79,3,0,1
BRDA:79,3,1,1
BRF:8
BRH:8
end_of_record
TN:
SF:src\middleware\index.ts
FN:3,(anonymous_0)
FNF:1
FNH:1
FNDA:17,(anonymous_0)
DA:2,2
DA:3,2
DA:4,17
DA:5,17
DA:6,8
DA:8,9
LF:6
LH:6
BRDA:5,0,0,8
BRDA:5,0,1,9
BRF:2
BRH:2
end_of_record
TN:
SF:src\models\Product.ts
FNF:0
FNH:0
DA:1,3
DA:7,3
DA:12,3
DA:16,3
DA:22,3
DA:25,3
LF:6
LH:6
BRF:0
BRH:0
end_of_record
